feedstamer/flutter_app/android/app/build/intermediates/manifest_merge_blame_file/debug/processDebugMainManifest/manifest-merger-blame-debug-report.txt
1<?xml version="1.0" encoding="utf-8"?>
2<manifest xmlns:android="http://schemas.android.com/apk/res/android"
3    package="com.feedstamer.feedstamer"
4    android:versionCode="1"
5    android:versionName="1.0.0" >
6
7    <uses-sdk
8        android:minSdkVersion="23"
9        android:targetSdkVersion="35" />
10    <!--
11         The INTERNET permission is required for development. Specifically,
12         the Flutter tool needs it to communicate with the running application
13         to allow setting breakpoints, to provide hot reload, etc.
14    -->
15    <uses-permission android:name="android.permission.INTERNET" />
15-->src\debug\AndroidManifest.xml:6:5-66
15-->src\debug\AndroidManifest.xml:6:22-64
16    <!--
17     Required to query activities that can process text, see:
18         https://developer.android.com/training/package-visibility and
19         https://developer.android.com/reference/android/content/Intent#ACTION_PROCESS_TEXT.
20
21         In particular, this is used by the Flutter engine in io.flutter.plugin.text.ProcessTextPlugin.
22    -->
23    <queries>
23-->src\main\AndroidManifest.xml:39:5-44:15
24        <intent>
24-->src\main\AndroidManifest.xml:40:9-43:18
25            <action android:name="android.intent.action.PROCESS_TEXT" />
25-->src\main\AndroidManifest.xml:41:13-72
25-->src\main\AndroidManifest.xml:41:21-70
26
27            <data android:mimeType="text/plain" />
27-->src\main\AndroidManifest.xml:42:13-50
27-->src\main\AndroidManifest.xml:42:19-48
28        </intent>
29    </queries>
30
31    <uses-permission android:name="android.permission.ACCESS_NETWORK_STATE" />
31-->[:firebase_analytics] AndroidManifest.xml:7:5-79
31-->[:firebase_analytics] AndroidManifest.xml:7:22-76
32    <uses-permission android:name="android.permission.WAKE_LOCK" /> <!-- Permissions options for the `notification` group -->
32-->[:firebase_analytics] AndroidManifest.xml:9:5-68
32-->[:firebase_analytics] AndroidManifest.xml:9:22-65
33    <uses-permission android:name="android.permission.POST_NOTIFICATIONS" />
33-->[:firebase_messaging] AndroidManifest.xml:11:5-77
33-->[:firebase_messaging] AndroidManifest.xml:11:22-74
34    <uses-permission android:name="android.permission.RECEIVE_BOOT_COMPLETED" />
34-->[:flutter_local_notifications] AndroidManifest.xml:7:5-81
34-->[:flutter_local_notifications] AndroidManifest.xml:7:22-78
35    <uses-permission android:name="android.permission.VIBRATE" />
35-->[:flutter_local_notifications] AndroidManifest.xml:8:5-66
35-->[:flutter_local_notifications] AndroidManifest.xml:8:22-63
36    <uses-permission android:name="android.permission.USE_FULL_SCREEN_INTENT" />
36-->[:flutter_local_notifications] AndroidManifest.xml:9:5-81
36-->[:flutter_local_notifications] AndroidManifest.xml:9:22-78
37    <uses-permission android:name="android.permission.SCHEDULE_EXACT_ALARM" /> <!-- Required by older versions of Google Play services to create IID tokens -->
37-->[:flutter_local_notifications] AndroidManifest.xml:10:5-79
37-->[:flutter_local_notifications] AndroidManifest.xml:10:22-76
38    <uses-permission android:name="com.google.android.c2dm.permission.RECEIVE" />
38-->[com.google.firebase:firebase-messaging:23.4.1] AndroidManifest.xml:26:5-82
38-->[com.google.firebase:firebase-messaging:23.4.1] AndroidManifest.xml:26:22-79
39    <uses-permission android:name="com.google.android.gms.permission.AD_ID" />
39-->[com.google.android.gms:play-services-measurement-api:21.6.1] AndroidManifest.xml:25:5-79
39-->[com.google.android.gms:play-services-measurement-api:21.6.1] AndroidManifest.xml:25:22-76
40    <uses-permission android:name="android.permission.ACCESS_ADSERVICES_ATTRIBUTION" />
40-->[com.google.android.gms:play-services-measurement-api:21.6.1] AndroidManifest.xml:26:5-88
40-->[com.google.android.gms:play-services-measurement-api:21.6.1] AndroidManifest.xml:26:22-85
41    <uses-permission android:name="android.permission.ACCESS_ADSERVICES_AD_ID" />
41-->[com.google.android.gms:play-services-measurement-api:21.6.1] AndroidManifest.xml:27:5-82
41-->[com.google.android.gms:play-services-measurement-api:21.6.1] AndroidManifest.xml:27:22-79
42    <uses-permission android:name="com.google.android.finsky.permission.BIND_GET_INSTALL_REFERRER_SERVICE" />
42-->[com.google.android.gms:play-services-measurement:21.6.1] AndroidManifest.xml:26:5-110
42-->[com.google.android.gms:play-services-measurement:21.6.1] AndroidManifest.xml:26:22-107
43    <uses-permission android:name="com.google.android.providers.gsf.permission.READ_GSERVICES" />
43-->[com.google.android.recaptcha:recaptcha:18.4.0] AndroidManifest.xml:9:5-98
43-->[com.google.android.recaptcha:recaptcha:18.4.0] AndroidManifest.xml:9:22-95
44
45    <permission
45-->[androidx.core:core:1.13.1] AndroidManifest.xml:22:5-24:47
46        android:name="com.feedstamer.feedstamer.DYNAMIC_RECEIVER_NOT_EXPORTED_PERMISSION"
46-->[androidx.core:core:1.13.1] AndroidManifest.xml:23:9-81
47        android:protectionLevel="signature" />
47-->[androidx.core:core:1.13.1] AndroidManifest.xml:24:9-44
48
49    <uses-permission android:name="com.feedstamer.feedstamer.DYNAMIC_RECEIVER_NOT_EXPORTED_PERMISSION" />
49-->[androidx.core:core:1.13.1] AndroidManifest.xml:26:5-97
49-->[androidx.core:core:1.13.1] AndroidManifest.xml:26:22-94
50
51    <application
52        android:name="android.app.Application"
53        android:appComponentFactory="androidx.core.app.CoreComponentFactory"
53-->[androidx.core:core:1.13.1] AndroidManifest.xml:28:18-86
54        android:debuggable="true"
55        android:extractNativeLibs="false"
56        android:icon="@mipmap/ic_launcher"
57        android:label="feedstamer" >
58        <activity
59            android:name="com.feedstamer.feedstamer.MainActivity"
60            android:configChanges="orientation|keyboardHidden|keyboard|screenSize|smallestScreenSize|locale|layoutDirection|fontScale|screenLayout|density|uiMode"
61            android:exported="true"
62            android:hardwareAccelerated="true"
63            android:launchMode="singleTop"
64            android:taskAffinity=""
65            android:theme="@style/LaunchTheme"
66            android:windowSoftInputMode="adjustResize" >
67
68            <!--
69                 Specifies an Android theme to apply to this Activity as soon as
70                 the Android process has started. This theme is visible to the user
71                 while the Flutter UI initializes. After that, this theme continues
72                 to determine the Window background behind the Flutter UI.
73            -->
74            <meta-data
75                android:name="io.flutter.embedding.android.NormalTheme"
76                android:resource="@style/NormalTheme" />
77
78            <intent-filter>
79                <action android:name="android.intent.action.MAIN" />
80
81                <category android:name="android.intent.category.LAUNCHER" />
82            </intent-filter>
83        </activity>
84        <!--
85             Don't delete the meta-data below.
86             This is used by the Flutter tool to generate GeneratedPluginRegistrant.java
87        -->
88        <meta-data
89            android:name="flutterEmbedding"
90            android:value="2" />
91
92        <service
92-->[:cloud_firestore] AndroidManifest.xml:8:9-12:19
93            android:name="com.google.firebase.components.ComponentDiscoveryService"
93-->[:cloud_firestore] AndroidManifest.xml:8:18-89
94            android:directBootAware="true"
94-->[com.google.firebase:firebase-common:20.4.3] AndroidManifest.xml:32:13-43
95            android:exported="false" >
95-->[com.google.firebase:firebase-firestore-ktx:24.11.0] AndroidManifest.xml:11:13-37
96            <meta-data
96-->[:cloud_firestore] AndroidManifest.xml:9:13-11:85
97                android:name="com.google.firebase.components:io.flutter.plugins.firebase.firestore.FlutterFirebaseFirestoreRegistrar"
97-->[:cloud_firestore] AndroidManifest.xml:10:17-134
98                android:value="com.google.firebase.components.ComponentRegistrar" />
98-->[:cloud_firestore] AndroidManifest.xml:11:17-82
99            <meta-data
99-->[:firebase_analytics] AndroidManifest.xml:13:13-15:85
100                android:name="com.google.firebase.components:io.flutter.plugins.firebase.analytics.FlutterFirebaseAppRegistrar"
100-->[:firebase_analytics] AndroidManifest.xml:14:17-128
101                android:value="com.google.firebase.components.ComponentRegistrar" />
101-->[:firebase_analytics] AndroidManifest.xml:15:17-82
102            <meta-data
102-->[:firebase_auth] AndroidManifest.xml:9:13-11:85
103                android:name="com.google.firebase.components:io.flutter.plugins.firebase.auth.FlutterFirebaseAuthRegistrar"
103-->[:firebase_auth] AndroidManifest.xml:10:17-124
104                android:value="com.google.firebase.components.ComponentRegistrar" />
104-->[:firebase_auth] AndroidManifest.xml:11:17-82
105            <meta-data
105-->[:firebase_messaging] AndroidManifest.xml:36:13-38:85
106                android:name="com.google.firebase.components:io.flutter.plugins.firebase.messaging.FlutterFirebaseAppRegistrar"
106-->[:firebase_messaging] AndroidManifest.xml:37:17-128
107                android:value="com.google.firebase.components.ComponentRegistrar" />
107-->[:firebase_messaging] AndroidManifest.xml:38:17-82
108            <meta-data
108-->[:firebase_storage] AndroidManifest.xml:9:13-11:85
109                android:name="com.google.firebase.components:io.flutter.plugins.firebase.storage.FlutterFirebaseAppRegistrar"
109-->[:firebase_storage] AndroidManifest.xml:10:17-126
110                android:value="com.google.firebase.components.ComponentRegistrar" />
110-->[:firebase_storage] AndroidManifest.xml:11:17-82
111            <meta-data
111-->[:firebase_core] AndroidManifest.xml:9:13-11:85
112                android:name="com.google.firebase.components:io.flutter.plugins.firebase.core.FlutterFirebaseCoreRegistrar"
112-->[:firebase_core] AndroidManifest.xml:10:17-124
113                android:value="com.google.firebase.components.ComponentRegistrar" />
113-->[:firebase_core] AndroidManifest.xml:11:17-82
114            <meta-data
114-->[com.google.firebase:firebase-firestore-ktx:24.11.0] AndroidManifest.xml:12:13-14:85
115                android:name="com.google.firebase.components:com.google.firebase.firestore.ktx.FirebaseFirestoreLegacyRegistrar"
115-->[com.google.firebase:firebase-firestore-ktx:24.11.0] AndroidManifest.xml:13:17-129
116                android:value="com.google.firebase.components.ComponentRegistrar" />
116-->[com.google.firebase:firebase-firestore-ktx:24.11.0] AndroidManifest.xml:14:17-82
117            <meta-data
117-->[com.google.firebase:firebase-analytics-ktx:21.6.1] AndroidManifest.xml:11:13-13:85
118                android:name="com.google.firebase.components:com.google.firebase.analytics.ktx.FirebaseAnalyticsLegacyRegistrar"
118-->[com.google.firebase:firebase-analytics-ktx:21.6.1] AndroidManifest.xml:12:17-129
119                android:value="com.google.firebase.components.ComponentRegistrar" />
119-->[com.google.firebase:firebase-analytics-ktx:21.6.1] AndroidManifest.xml:13:17-82
120            <meta-data
120-->[com.google.firebase:firebase-auth-ktx:22.3.1] AndroidManifest.xml:11:13-13:85
121                android:name="com.google.firebase.components:com.google.firebase.auth.ktx.FirebaseAuthLegacyRegistrar"
121-->[com.google.firebase:firebase-auth-ktx:22.3.1] AndroidManifest.xml:12:17-119
122                android:value="com.google.firebase.components.ComponentRegistrar" />
122-->[com.google.firebase:firebase-auth-ktx:22.3.1] AndroidManifest.xml:13:17-82
123            <meta-data
123-->[com.google.firebase:firebase-firestore:24.11.0] AndroidManifest.xml:17:13-19:85
124                android:name="com.google.firebase.components:com.google.firebase.firestore.FirebaseFirestoreKtxRegistrar"
124-->[com.google.firebase:firebase-firestore:24.11.0] AndroidManifest.xml:18:17-122
125                android:value="com.google.firebase.components.ComponentRegistrar" />
125-->[com.google.firebase:firebase-firestore:24.11.0] AndroidManifest.xml:19:17-82
126            <meta-data
126-->[com.google.firebase:firebase-firestore:24.11.0] AndroidManifest.xml:20:13-22:85
127                android:name="com.google.firebase.components:com.google.firebase.firestore.FirestoreRegistrar"
127-->[com.google.firebase:firebase-firestore:24.11.0] AndroidManifest.xml:21:17-111
128                android:value="com.google.firebase.components.ComponentRegistrar" />
128-->[com.google.firebase:firebase-firestore:24.11.0] AndroidManifest.xml:22:17-82
129            <meta-data
129-->[com.google.firebase:firebase-auth:22.3.1] AndroidManifest.xml:69:13-71:85
130                android:name="com.google.firebase.components:com.google.firebase.auth.FirebaseAuthRegistrar"
130-->[com.google.firebase:firebase-auth:22.3.1] AndroidManifest.xml:70:17-109
131                android:value="com.google.firebase.components.ComponentRegistrar" />
131-->[com.google.firebase:firebase-auth:22.3.1] AndroidManifest.xml:71:17-82
132            <meta-data
132-->[com.google.firebase:firebase-messaging:23.4.1] AndroidManifest.xml:57:13-59:85
133                android:name="com.google.firebase.components:com.google.firebase.messaging.FirebaseMessagingKtxRegistrar"
133-->[com.google.firebase:firebase-messaging:23.4.1] AndroidManifest.xml:58:17-122
134                android:value="com.google.firebase.components.ComponentRegistrar" />
134-->[com.google.firebase:firebase-messaging:23.4.1] AndroidManifest.xml:59:17-82
135            <meta-data
135-->[com.google.firebase:firebase-messaging:23.4.1] AndroidManifest.xml:60:13-62:85
136                android:name="com.google.firebase.components:com.google.firebase.messaging.FirebaseMessagingRegistrar"
136-->[com.google.firebase:firebase-messaging:23.4.1] AndroidManifest.xml:61:17-119
137                android:value="com.google.firebase.components.ComponentRegistrar" />
137-->[com.google.firebase:firebase-messaging:23.4.1] AndroidManifest.xml:62:17-82
138            <meta-data
138-->[com.google.firebase:firebase-storage:20.3.0] AndroidManifest.xml:30:13-32:85
139                android:name="com.google.firebase.components:com.google.firebase.storage.FirebaseStorageKtxRegistrar"
139-->[com.google.firebase:firebase-storage:20.3.0] AndroidManifest.xml:31:17-118
140                android:value="com.google.firebase.components.ComponentRegistrar" />
140-->[com.google.firebase:firebase-storage:20.3.0] AndroidManifest.xml:32:17-82
141            <meta-data
141-->[com.google.firebase:firebase-storage:20.3.0] AndroidManifest.xml:33:13-35:85
142                android:name="com.google.firebase.components:com.google.firebase.storage.StorageRegistrar"
142-->[com.google.firebase:firebase-storage:20.3.0] AndroidManifest.xml:34:17-107
143                android:value="com.google.firebase.components.ComponentRegistrar" />
143-->[com.google.firebase:firebase-storage:20.3.0] AndroidManifest.xml:35:17-82
144            <meta-data
144-->[com.google.android.gms:play-services-measurement-api:21.6.1] AndroidManifest.xml:37:13-39:85
145                android:name="com.google.firebase.components:com.google.firebase.analytics.connector.internal.AnalyticsConnectorRegistrar"
145-->[com.google.android.gms:play-services-measurement-api:21.6.1] AndroidManifest.xml:38:17-139
146                android:value="com.google.firebase.components.ComponentRegistrar" />
146-->[com.google.android.gms:play-services-measurement-api:21.6.1] AndroidManifest.xml:39:17-82
147            <meta-data
147-->[com.google.firebase:firebase-installations:17.2.0] AndroidManifest.xml:15:13-17:85
148                android:name="com.google.firebase.components:com.google.firebase.installations.FirebaseInstallationsKtxRegistrar"
148-->[com.google.firebase:firebase-installations:17.2.0] AndroidManifest.xml:16:17-130
149                android:value="com.google.firebase.components.ComponentRegistrar" />
149-->[com.google.firebase:firebase-installations:17.2.0] AndroidManifest.xml:17:17-82
150            <meta-data
150-->[com.google.firebase:firebase-installations:17.2.0] AndroidManifest.xml:18:13-20:85
151                android:name="com.google.firebase.components:com.google.firebase.installations.FirebaseInstallationsRegistrar"
151-->[com.google.firebase:firebase-installations:17.2.0] AndroidManifest.xml:19:17-127
152                android:value="com.google.firebase.components.ComponentRegistrar" />
152-->[com.google.firebase:firebase-installations:17.2.0] AndroidManifest.xml:20:17-82
153            <meta-data
153-->[com.google.firebase:firebase-appcheck:17.1.2] AndroidManifest.xml:25:13-27:85
154                android:name="com.google.firebase.components:com.google.firebase.appcheck.FirebaseAppCheckKtxRegistrar"
154-->[com.google.firebase:firebase-appcheck:17.1.2] AndroidManifest.xml:26:17-120
155                android:value="com.google.firebase.components.ComponentRegistrar" />
155-->[com.google.firebase:firebase-appcheck:17.1.2] AndroidManifest.xml:27:17-82
156            <meta-data
156-->[com.google.firebase:firebase-appcheck:17.1.2] AndroidManifest.xml:28:13-30:85
157                android:name="com.google.firebase.components:com.google.firebase.appcheck.FirebaseAppCheckRegistrar"
157-->[com.google.firebase:firebase-appcheck:17.1.2] AndroidManifest.xml:29:17-117
158                android:value="com.google.firebase.components.ComponentRegistrar" />
158-->[com.google.firebase:firebase-appcheck:17.1.2] AndroidManifest.xml:30:17-82
159            <meta-data
159-->[com.google.firebase:firebase-common-ktx:20.4.3] AndroidManifest.xml:12:13-14:85
160                android:name="com.google.firebase.components:com.google.firebase.ktx.FirebaseCommonLegacyRegistrar"
160-->[com.google.firebase:firebase-common-ktx:20.4.3] AndroidManifest.xml:13:17-116
161                android:value="com.google.firebase.components.ComponentRegistrar" />
161-->[com.google.firebase:firebase-common-ktx:20.4.3] AndroidManifest.xml:14:17-82
162            <meta-data
162-->[com.google.firebase:firebase-common:20.4.3] AndroidManifest.xml:35:13-37:85
163                android:name="com.google.firebase.components:com.google.firebase.FirebaseCommonKtxRegistrar"
163-->[com.google.firebase:firebase-common:20.4.3] AndroidManifest.xml:36:17-109
164                android:value="com.google.firebase.components.ComponentRegistrar" />
164-->[com.google.firebase:firebase-common:20.4.3] AndroidManifest.xml:37:17-82
165            <meta-data
165-->[com.google.firebase:firebase-datatransport:18.1.7] AndroidManifest.xml:27:13-29:85
166                android:name="com.google.firebase.components:com.google.firebase.datatransport.TransportRegistrar"
166-->[com.google.firebase:firebase-datatransport:18.1.7] AndroidManifest.xml:28:17-115
167                android:value="com.google.firebase.components.ComponentRegistrar" />
167-->[com.google.firebase:firebase-datatransport:18.1.7] AndroidManifest.xml:29:17-82
168        </service>
169        <service
169-->[:firebase_messaging] AndroidManifest.xml:14:9-17:72
170            android:name="io.flutter.plugins.firebase.messaging.FlutterFirebaseMessagingBackgroundService"
170-->[:firebase_messaging] AndroidManifest.xml:15:13-107
171            android:exported="false"
171-->[:firebase_messaging] AndroidManifest.xml:16:13-37
172            android:permission="android.permission.BIND_JOB_SERVICE" />
172-->[:firebase_messaging] AndroidManifest.xml:17:13-69
173        <service
173-->[:firebase_messaging] AndroidManifest.xml:18:9-24:19
174            android:name="io.flutter.plugins.firebase.messaging.FlutterFirebaseMessagingService"
174-->[:firebase_messaging] AndroidManifest.xml:19:13-97
175            android:exported="false" >
175-->[:firebase_messaging] AndroidManifest.xml:20:13-37
176            <intent-filter>
176-->[:firebase_messaging] AndroidManifest.xml:21:13-23:29
177                <action android:name="com.google.firebase.MESSAGING_EVENT" />
177-->[:firebase_messaging] AndroidManifest.xml:22:17-78
177-->[:firebase_messaging] AndroidManifest.xml:22:25-75
178            </intent-filter>
179        </service>
180
181        <receiver
181-->[:firebase_messaging] AndroidManifest.xml:26:9-33:20
182            android:name="io.flutter.plugins.firebase.messaging.FlutterFirebaseMessagingReceiver"
182-->[:firebase_messaging] AndroidManifest.xml:27:13-98
183            android:exported="true"
183-->[:firebase_messaging] AndroidManifest.xml:28:13-36
184            android:permission="com.google.android.c2dm.permission.SEND" >
184-->[:firebase_messaging] AndroidManifest.xml:29:13-73
185            <intent-filter>
185-->[:firebase_messaging] AndroidManifest.xml:30:13-32:29
186                <action android:name="com.google.android.c2dm.intent.RECEIVE" />
186-->[:firebase_messaging] AndroidManifest.xml:31:17-81
186-->[:firebase_messaging] AndroidManifest.xml:31:25-78
187            </intent-filter>
188        </receiver>
189
190        <provider
190-->[:firebase_messaging] AndroidManifest.xml:41:9-45:38
191            android:name="io.flutter.plugins.firebase.messaging.FlutterFirebaseMessagingInitProvider"
191-->[:firebase_messaging] AndroidManifest.xml:42:13-102
192            android:authorities="com.feedstamer.feedstamer.flutterfirebasemessaginginitprovider"
192-->[:firebase_messaging] AndroidManifest.xml:43:13-88
193            android:exported="false"
193-->[:firebase_messaging] AndroidManifest.xml:44:13-37
194            android:initOrder="99" />
194-->[:firebase_messaging] AndroidManifest.xml:45:13-35
195
196        <receiver
196-->[:flutter_local_notifications] AndroidManifest.xml:14:9-16:40
197            android:name="com.dexterous.flutterlocalnotifications.ActionBroadcastReceiver"
197-->[:flutter_local_notifications] AndroidManifest.xml:15:13-91
198            android:exported="false" />
198-->[:flutter_local_notifications] AndroidManifest.xml:16:13-37
199        <receiver
199-->[:flutter_local_notifications] AndroidManifest.xml:17:9-19:40
200            android:name="com.dexterous.flutterlocalnotifications.ScheduledNotificationReceiver"
200-->[:flutter_local_notifications] AndroidManifest.xml:18:13-97
201            android:exported="false" />
201-->[:flutter_local_notifications] AndroidManifest.xml:19:13-37
202        <receiver
202-->[:flutter_local_notifications] AndroidManifest.xml:20:9-29:20
203            android:name="com.dexterous.flutterlocalnotifications.ScheduledNotificationBootReceiver"
203-->[:flutter_local_notifications] AndroidManifest.xml:21:13-101
204            android:exported="false" >
204-->[:flutter_local_notifications] AndroidManifest.xml:22:13-37
205            <intent-filter>
205-->[:flutter_local_notifications] AndroidManifest.xml:23:13-28:29
206                <action android:name="android.intent.action.BOOT_COMPLETED" />
206-->[:flutter_local_notifications] AndroidManifest.xml:24:17-79
206-->[:flutter_local_notifications] AndroidManifest.xml:24:25-76
207                <action android:name="android.intent.action.MY_PACKAGE_REPLACED" />
207-->[:flutter_local_notifications] AndroidManifest.xml:25:17-84
207-->[:flutter_local_notifications] AndroidManifest.xml:25:25-81
208                <action android:name="android.intent.action.QUICKBOOT_POWERON" />
208-->[:flutter_local_notifications] AndroidManifest.xml:26:17-82
208-->[:flutter_local_notifications] AndroidManifest.xml:26:25-79
209                <action android:name="com.htc.intent.action.QUICKBOOT_POWERON" />
209-->[:flutter_local_notifications] AndroidManifest.xml:27:17-82
209-->[:flutter_local_notifications] AndroidManifest.xml:27:25-79
210            </intent-filter>
211        </receiver>
212
213        <activity
213-->[:url_launcher_android] AndroidManifest.xml:8:9-11:74
214            android:name="io.flutter.plugins.urllauncher.WebViewActivity"
214-->[:url_launcher_android] AndroidManifest.xml:9:13-74
215            android:exported="false"
215-->[:url_launcher_android] AndroidManifest.xml:10:13-37
216            android:theme="@android:style/Theme.NoTitleBar.Fullscreen" />
216-->[:url_launcher_android] AndroidManifest.xml:11:13-71
217        <activity
217-->[com.google.firebase:firebase-auth:22.3.1] AndroidManifest.xml:29:9-46:20
218            android:name="com.google.firebase.auth.internal.GenericIdpActivity"
218-->[com.google.firebase:firebase-auth:22.3.1] AndroidManifest.xml:30:13-80
219            android:excludeFromRecents="true"
219-->[com.google.firebase:firebase-auth:22.3.1] AndroidManifest.xml:31:13-46
220            android:exported="true"
220-->[com.google.firebase:firebase-auth:22.3.1] AndroidManifest.xml:32:13-36
221            android:launchMode="singleTask"
221-->[com.google.firebase:firebase-auth:22.3.1] AndroidManifest.xml:33:13-44
222            android:theme="@android:style/Theme.Translucent.NoTitleBar" >
222-->[com.google.firebase:firebase-auth:22.3.1] AndroidManifest.xml:34:13-72
223            <intent-filter>
223-->[com.google.firebase:firebase-auth:22.3.1] AndroidManifest.xml:35:13-45:29
224                <action android:name="android.intent.action.VIEW" />
224-->[com.google.firebase:firebase-auth:22.3.1] AndroidManifest.xml:36:17-69
224-->[com.google.firebase:firebase-auth:22.3.1] AndroidManifest.xml:36:25-66
225
226                <category android:name="android.intent.category.DEFAULT" />
226-->[com.google.firebase:firebase-auth:22.3.1] AndroidManifest.xml:38:17-76
226-->[com.google.firebase:firebase-auth:22.3.1] AndroidManifest.xml:38:27-73
227                <category android:name="android.intent.category.BROWSABLE" />
227-->[com.google.firebase:firebase-auth:22.3.1] AndroidManifest.xml:39:17-78
227-->[com.google.firebase:firebase-auth:22.3.1] AndroidManifest.xml:39:27-75
228
229                <data
229-->src\main\AndroidManifest.xml:42:13-50
230                    android:host="firebase.auth"
231                    android:path="/"
232                    android:scheme="genericidp" />
233            </intent-filter>
234        </activity>
235        <activity
235-->[com.google.firebase:firebase-auth:22.3.1] AndroidManifest.xml:47:9-64:20
236            android:name="com.google.firebase.auth.internal.RecaptchaActivity"
236-->[com.google.firebase:firebase-auth:22.3.1] AndroidManifest.xml:48:13-79
237            android:excludeFromRecents="true"
237-->[com.google.firebase:firebase-auth:22.3.1] AndroidManifest.xml:49:13-46
238            android:exported="true"
238-->[com.google.firebase:firebase-auth:22.3.1] AndroidManifest.xml:50:13-36
239            android:launchMode="singleTask"
239-->[com.google.firebase:firebase-auth:22.3.1] AndroidManifest.xml:51:13-44
240            android:theme="@android:style/Theme.Translucent.NoTitleBar" >
240-->[com.google.firebase:firebase-auth:22.3.1] AndroidManifest.xml:52:13-72
241            <intent-filter>
241-->[com.google.firebase:firebase-auth:22.3.1] AndroidManifest.xml:53:13-63:29
242                <action android:name="android.intent.action.VIEW" />
242-->[com.google.firebase:firebase-auth:22.3.1] AndroidManifest.xml:36:17-69
242-->[com.google.firebase:firebase-auth:22.3.1] AndroidManifest.xml:36:25-66
243
244                <category android:name="android.intent.category.DEFAULT" />
244-->[com.google.firebase:firebase-auth:22.3.1] AndroidManifest.xml:38:17-76
244-->[com.google.firebase:firebase-auth:22.3.1] AndroidManifest.xml:38:27-73
245                <category android:name="android.intent.category.BROWSABLE" />
245-->[com.google.firebase:firebase-auth:22.3.1] AndroidManifest.xml:39:17-78
245-->[com.google.firebase:firebase-auth:22.3.1] AndroidManifest.xml:39:27-75
246
247                <data
247-->src\main\AndroidManifest.xml:42:13-50
248                    android:host="firebase.auth"
249                    android:path="/"
250                    android:scheme="recaptcha" />
251            </intent-filter>
252        </activity>
253
254        <receiver
254-->[com.google.firebase:firebase-messaging:23.4.1] AndroidManifest.xml:29:9-40:20
255            android:name="com.google.firebase.iid.FirebaseInstanceIdReceiver"
255-->[com.google.firebase:firebase-messaging:23.4.1] AndroidManifest.xml:30:13-78
256            android:exported="true"
256-->[com.google.firebase:firebase-messaging:23.4.1] AndroidManifest.xml:31:13-36
257            android:permission="com.google.android.c2dm.permission.SEND" >
257-->[com.google.firebase:firebase-messaging:23.4.1] AndroidManifest.xml:32:13-73
258            <intent-filter>
258-->[:firebase_messaging] AndroidManifest.xml:30:13-32:29
259                <action android:name="com.google.android.c2dm.intent.RECEIVE" />
259-->[:firebase_messaging] AndroidManifest.xml:31:17-81
259-->[:firebase_messaging] AndroidManifest.xml:31:25-78
260            </intent-filter>
261
262            <meta-data
262-->[com.google.firebase:firebase-messaging:23.4.1] AndroidManifest.xml:37:13-39:40
263                android:name="com.google.android.gms.cloudmessaging.FINISHED_AFTER_HANDLED"
263-->[com.google.firebase:firebase-messaging:23.4.1] AndroidManifest.xml:38:17-92
264                android:value="true" />
264-->[com.google.firebase:firebase-messaging:23.4.1] AndroidManifest.xml:39:17-37
265        </receiver>
266        <!--
267             FirebaseMessagingService performs security checks at runtime,
268             but set to not exported to explicitly avoid allowing another app to call it.
269        -->
270        <service
270-->[com.google.firebase:firebase-messaging:23.4.1] AndroidManifest.xml:46:9-53:19
271            android:name="com.google.firebase.messaging.FirebaseMessagingService"
271-->[com.google.firebase:firebase-messaging:23.4.1] AndroidManifest.xml:47:13-82
272            android:directBootAware="true"
272-->[com.google.firebase:firebase-messaging:23.4.1] AndroidManifest.xml:48:13-43
273            android:exported="false" >
273-->[com.google.firebase:firebase-messaging:23.4.1] AndroidManifest.xml:49:13-37